Build started 9/26/2015 7:31:33 PM.
     1>Project "D:\my_documents\Visual Studio 2013\Projects\UVa_00573\UVa_00573\UVa_00573.vcxproj" on node 2 (Build target(s)).
     1>ClCompile:
         C:\Program Files (x86)\Microsoft Visual Studio 12.0\VC\bin\CL.exe /c /ZI /nologo /W3 /WX- /Od /Oy- /D WIN32 /D _DEBUG /D _CONSOLE /D _LIB /D _UNICODE /D UNICODE /Gm /EHsc /RTC1 /MDd /GS /fp:precise /Zc:wchar_t /Zc:forScope /Fo"Debug\\" /Fd"Debug\vc120.pdb" /Gd /TP /analyze- /errorReport:prompt Source.cpp
         Source.cpp
     1>d:\my_documents\visual studio 2013\projects\uva_00573\uva_00573\source.cpp(12): warning C4996: 'scanf': This function or variable may be unsafe. Consider using scanf_s instead. To disable deprecation, use _CRT_SECURE_NO_WARNINGS. See online help for details.
                 c:\program files (x86)\microsoft visual studio 12.0\vc\include\stdio.h(283) : see declaration of 'scanf'
     1>d:\my_documents\visual studio 2013\projects\uva_00573\uva_00573\source.cpp(18): warning C4996: 'scanf': This function or variable may be unsafe. Consider using scanf_s instead. To disable deprecation, use _CRT_SECURE_NO_WARNINGS. See online help for details.
                 c:\program files (x86)\microsoft visual studio 12.0\vc\include\stdio.h(283) : see declaration of 'scanf'
     1>d:\my_documents\visual studio 2013\projects\uva_00573\uva_00573\source.cpp(21): warning C4996: 'scanf': This function or variable may be unsafe. Consider using scanf_s instead. To disable deprecation, use _CRT_SECURE_NO_WARNINGS. See online help for details.
                 c:\program files (x86)\microsoft visual studio 12.0\vc\include\stdio.h(283) : see declaration of 'scanf'
     1>d:\my_documents\visual studio 2013\projects\uva_00573\uva_00573\source.cpp(25): warning C4996: 'scanf': This function or variable may be unsafe. Consider using scanf_s instead. To disable deprecation, use _CRT_SECURE_NO_WARNINGS. See online help for details.
                 c:\program files (x86)\microsoft visual studio 12.0\vc\include\stdio.h(283) : see declaration of 'scanf'
     1>d:\my_documents\visual studio 2013\projects\uva_00573\uva_00573\source.cpp(27): warning C4996: 'scanf': This function or variable may be unsafe. Consider using scanf_s instead. To disable deprecation, use _CRT_SECURE_NO_WARNINGS. See online help for details.
                 c:\program files (x86)\microsoft visual studio 12.0\vc\include\stdio.h(283) : see declaration of 'scanf'
     1>d:\my_documents\visual studio 2013\projects\uva_00573\uva_00573\source.cpp(30): warning C4244: '=' : conversion from 'double' to 'int', possible loss of data
     1>d:\my_documents\visual studio 2013\projects\uva_00573\uva_00573\source.cpp(31): warning C4244: '=' : conversion from 'double' to 'int', possible loss of data
     1>d:\my_documents\visual studio 2013\projects\uva_00573\uva_00573\source.cpp(10): warning C4101: 'useless' : unreferenced local variable
       Link:
         C:\Program Files (x86)\Microsoft Visual Studio 12.0\VC\bin\link.exe /ERRORREPORT:PROMPT /OUT:"D:\my_documents\Visual Studio 2013\Projects\UVa_00573\Debug\UVa_00573.exe" /INCREMENTAL /NOLOGO kernel32.lib user32.lib gdi32.lib winspool.lib comdlg32.lib advapi32.lib shell32.lib ole32.lib oleaut32.lib uuid.lib odbc32.lib odbccp32.lib /MANIFEST /MANIFESTUAC:"level='asInvoker' uiAccess='false'" /manifest:embed /DEBUG /PDB:"D:\my_documents\Visual Studio 2013\Projects\UVa_00573\Debug\UVa_00573.pdb" /SUBSYSTEM:CONSOLE /TLBID:1 /DYNAMICBASE /NXCOMPAT /IMPLIB:"D:\my_documents\Visual Studio 2013\Projects\UVa_00573\Debug\UVa_00573.lib" /MACHINE:X86 Debug\Source.obj
         UVa_00573.vcxproj -> D:\my_documents\Visual Studio 2013\Projects\UVa_00573\Debug\UVa_00573.exe
     1>Done Building Project "D:\my_documents\Visual Studio 2013\Projects\UVa_00573\UVa_00573\UVa_00573.vcxproj" (Build target(s)).

Build succeeded.

Time Elapsed 00:00:00.81
